Traceback (most recent call last):
  File "run_game.py", line 28, in run
    import main
  File "lib/main.py", line 98, in <module>
    import music
  File "lib/music.py", line 6, in <module>
    class FadingPlayer(media.Player):
  File "/usr/local/lib/python2.7/dist-packages/pyglet/__init__.py", line 357, in __getattr__
    __import__(import_name)
  File "/usr/local/lib/python2.7/dist-packages/pyglet/media/__init__.py", line 1501, in <module>
    import avbin
  File "/usr/local/lib/python2.7/dist-packages/pyglet/media/avbin.py", line 62, in <module>
    av = pyglet.lib.load_library(av)
  File "/usr/local/lib/python2.7/dist-packages/pyglet/lib.py", line 117, in load_library
    lib = ctypes.cdll.LoadLibrary(name)
  File "/usr/lib/python2.7/ctypes/__init__.py", line 443, in LoadLibrary
    return self._dlltype(name)
  File "/usr/lib/python2.7/ctypes/__init__.py", line 365, in __init__
    self._handle = _dlopen(self._name, mode)
OSError: /usr/lib/x86_64-linux-gnu/libavbin.so.0: undefined symbol: avcodec_decode_audio3
